
  .   ____          _            __ _ _
 /\\ / ___'_ __ _ _(_)_ __  __ _ \ \ \ \
( ( )\___ | '_ | '_| | '_ \/ _` | \ \ \ \
 \\/  ___)| |_)| | | | | || (_| |  ) ) ) )
  '  |____| .__|_| |_|_| |_\__, | / / / /
 =========|_|==============|___/=/_/_/_/

 :: Spring Boot ::               (v3.5.14)

2026-05-19 11:58:36 - Starting WatchdogApplication v0.0.1-SNAPSHOT using Java 25.0.2 with PID 17876 (C:\Users\Ishimwe-Conscience\Desktop\AmaliTech-DEG-Project-based-challenges\backend\target\backend-0.0.1-SNAPSHOT.jar started by Ishimwe-Conscience in C:\Users\Ishimwe-Conscience\Desktop\AmaliTech-DEG-Project-based-challenges\backend)
2026-05-19 11:58:36 - Running with Spring Boot v3.5.14, Spring v6.2.18
2026-05-19 11:58:36 - No active profile set, falling back to 1 default profile: "default"
2026-05-19 11:58:40 - Bootstrapping Spring Data JPA repositories in DEFAULT mode.
2026-05-19 11:58:40 - Finished Spring Data repository scanning in 323 ms. Found 2 JPA repository interfaces.
2026-05-19 11:58:43 - Tomcat initialized with port 8081 (http)
2026-05-19 11:58:43 - Starting service [Tomcat]
2026-05-19 11:58:43 - Starting Servlet engine: [Apache Tomcat/10.1.54]
2026-05-19 11:58:43 - Initializing Spring embedded WebApplicationContext
2026-05-19 11:58:43 - Root WebApplicationContext: initialization completed in 7715 ms
2026-05-19 11:58:44 - HHH000204: Processing PersistenceUnitInfo [name: default]
2026-05-19 11:58:44 - HHH000412: Hibernate ORM core version 6.6.49.Final
2026-05-19 11:58:45 - HHH000026: Second-level cache disabled
2026-05-19 11:58:46 - No LoadTimeWeaver setup: ignoring JPA class transformer
2026-05-19 11:58:46 - HikariPool-1 - Starting...
2026-05-19 11:58:52 - HikariPool-1 - Added connection org.postgresql.jdbc.PgConnection@16029e2f
2026-05-19 11:58:52 - HikariPool-1 - Start completed.
2026-05-19 11:58:52 - HHH90000025: PostgreSQLDialect does not need to be specified explicitly using 'hibernate.dialect' (remove the property setting and it will be selected by default)
2026-05-19 11:58:53 - HHH10001005: Database info:
	Database JDBC URL [Connecting through datasource 'HikariDataSource (HikariPool-1)']
	Database driver: undefined/unknown
	Database version: 17.8
	Autocommit mode: undefined/unknown
	Isolation level: undefined/unknown
	Minimum pool size: undefined/unknown
	Maximum pool size: undefined/unknown
2026-05-19 11:58:55 - HHH000489: No JTA platform available (set 'hibernate.transaction.jta.platform' to enable JTA platform integration)
2026-05-19 11:58:56 - Initialized JPA EntityManagerFactory for persistence unit 'default'
2026-05-19 11:58:58 - Hibernate is in classpath; If applicable, HQL parser will be used.
2026-05-19 11:59:01 - spring.jpa.open-in-view is enabled by default. Therefore, database queries may be performed during view rendering. Explicitly configure spring.jpa.open-in-view to disable this warning
2026-05-19 11:59:02 - 21 mappings in 'requestMappingHandlerMapping'
2026-05-19 11:59:02 - Patterns [/webjars/**, /**, /swagger-ui*/*swagger-initializer.js, /swagger-ui*/**] in 'resourceHandlerMapping'
2026-05-19 11:59:03 - ControllerAdvice beans: 0 @ModelAttribute, 0 @InitBinder, 1 RequestBodyAdvice, 1 ResponseBodyAdvice
2026-05-19 11:59:03 - ControllerAdvice beans: 2 @ExceptionHandler, 1 ResponseBodyAdvice
2026-05-19 11:59:04 - Tomcat started on port 8081 (http) with context path '/'
2026-05-19 11:59:04 - Started WatchdogApplication in 30.56 seconds (process running for 33.548)
Hibernate: select count(*) from monitors m1_0
Hibernate: select m1_0.id,m1_0.alert_count,m1_0.alert_email,m1_0.alert_triggered_at,m1_0.alert_webhook,m1_0.created_at,m1_0.last_heartbeat,m1_0.status,m1_0.timeout,m1_0.updated_at from monitors m1_0 where m1_0.status=?
2026-05-19 11:59:06 - Metrics - Total: 1, Active: 0
Hibernate: select count(*) from monitors m1_0
Hibernate: select m1_0.id,m1_0.alert_count,m1_0.alert_email,m1_0.alert_triggered_at,m1_0.alert_webhook,m1_0.created_at,m1_0.last_heartbeat,m1_0.status,m1_0.timeout,m1_0.updated_at from monitors m1_0 where m1_0.status=?
2026-05-19 12:00:05 - Metrics - Total: 1, Active: 0
Hibernate: select count(*) from monitors m1_0
Hibernate: select m1_0.id,m1_0.alert_count,m1_0.alert_email,m1_0.alert_triggered_at,m1_0.alert_webhook,m1_0.created_at,m1_0.last_heartbeat,m1_0.status,m1_0.timeout,m1_0.updated_at from monitors m1_0 where m1_0.status=?
2026-05-19 12:01:05 - Metrics - Total: 1, Active: 0
Hibernate: select count(*) from monitors m1_0
Hibernate: select m1_0.id,m1_0.alert_count,m1_0.alert_email,m1_0.alert_triggered_at,m1_0.alert_webhook,m1_0.created_at,m1_0.last_heartbeat,m1_0.status,m1_0.timeout,m1_0.updated_at from monitors m1_0 where m1_0.status=?
2026-05-19 12:02:06 - Metrics - Total: 1, Active: 0
Hibernate: select count(*) from monitors m1_0
Hibernate: select m1_0.id,m1_0.alert_count,m1_0.alert_email,m1_0.alert_triggered_at,m1_0.alert_webhook,m1_0.created_at,m1_0.last_heartbeat,m1_0.status,m1_0.timeout,m1_0.updated_at from monitors m1_0 where m1_0.status=?
2026-05-19 12:03:05 - Metrics - Total: 1, Active: 0
2026-05-19 12:03:50 - Initializing Spring DispatcherServlet 'dispatcherServlet'
2026-05-19 12:03:50 - Initializing Servlet 'dispatcherServlet'
2026-05-19 12:03:50 - Detected StandardServletMultipartResolver
2026-05-19 12:03:50 - Detected AcceptHeaderLocaleResolver
2026-05-19 12:03:50 - Detected FixedThemeResolver
2026-05-19 12:03:50 - Detected org.springframework.web.servlet.view.DefaultRequestToViewNameTranslator@509e4bc4
2026-05-19 12:03:50 - Detected org.springframework.web.servlet.support.SessionFlashMapManager@32f35739
2026-05-19 12:03:50 - enableLoggingRequestDetails='false': request parameters and headers will be masked to prevent unsafe logging of potentially sensitive data
2026-05-19 12:03:50 - Completed initialization in 13 ms
2026-05-19 12:03:50 - GET "/swagger-ui/index.html", parameters={}
2026-05-19 12:03:50 - Mapped to ResourceHttpRequestHandler [classpath [META-INF/resources/webjars/]]
2026-05-19 12:03:51 - Completed 200 OK
2026-05-19 12:03:51 - GET "/swagger-ui/swagger-ui.css", parameters={}
2026-05-19 12:03:51 - GET "/swagger-ui/swagger-ui-bundle.js", parameters={}
2026-05-19 12:03:51 - GET "/swagger-ui/swagger-initializer.js", parameters={}
2026-05-19 12:03:51 - GET "/swagger-ui/index.css", parameters={}
2026-05-19 12:03:51 - GET "/swagger-ui/swagger-ui-standalone-preset.js", parameters={}
2026-05-19 12:03:51 - Mapped to ResourceHttpRequestHandler [classpath [META-INF/resources/webjars/]]
2026-05-19 12:03:51 - Mapped to ResourceHttpRequestHandler [classpath [META-INF/resources/webjars/]]
2026-05-19 12:03:51 - Mapped to ResourceHttpRequestHandler [classpath [META-INF/resources/webjars/]]
2026-05-19 12:03:51 - Mapped to ResourceHttpRequestHandler [classpath [META-INF/resources/webjars/]]
2026-05-19 12:03:51 - Mapped to ResourceHttpRequestHandler [classpath [META-INF/resources/webjars/]]
2026-05-19 12:03:51 - Completed 200 OK
2026-05-19 12:03:51 - Completed 200 OK
2026-05-19 12:03:51 - Completed 200 OK
2026-05-19 12:03:51 - Completed 200 OK
2026-05-19 12:03:51 - Completed 200 OK
2026-05-19 12:03:52 - GET "/api-docs/swagger-config", parameters={}
2026-05-19 12:03:52 - Mapped to org.springdoc.webmvc.ui.SwaggerConfigResource#openapiJson(HttpServletRequest)
2026-05-19 12:03:52 - GET "/swagger-ui/favicon-32x32.png", parameters={}
2026-05-19 12:03:52 - Mapped to ResourceHttpRequestHandler [classpath [META-INF/resources/webjars/]]
2026-05-19 12:03:52 - Completed 200 OK
2026-05-19 12:03:52 - Using 'application/json', given [*/*] and supported [application/json]
2026-05-19 12:03:52 - Writing [{configUrl=/api-docs/swagger-config, oauth2RedirectUrl=http://localhost:8081/swagger-ui/oauth2-redir (truncated)...]
2026-05-19 12:03:52 - Completed 200 OK
2026-05-19 12:03:52 - GET "/api-docs", parameters={}
2026-05-19 12:03:52 - Mapped to org.springdoc.webmvc.api.OpenApiWebMvcResource#openapiJson(HttpServletRequest, String, Locale)
2026-05-19 12:03:53 - resolve class com.watchdog.dto.request.CreateMonitorRequest
2026-05-19 12:03:53 - resolve [simple type, class java.lang.Integer]
2026-05-19 12:03:53 - resolve [simple type, class java.lang.String]
2026-05-19 12:03:53 - resolve [simple type, class java.lang.String]
2026-05-19 12:03:53 - resolve [simple type, class java.lang.String]
2026-05-19 12:03:53 - Using @ExceptionHandler com.watchdog.exception.GlobalExceptionHandler#handleGenericException(Exception)
2026-05-19 12:03:53 - Unexpected error occurred
jakarta.servlet.ServletException: Handler dispatch failed: java.lang.NoSuchMethodError: 'void org.springframework.web.method.ControllerAdviceBean.<init>(java.lang.Object)'
	at org.springframework.web.servlet.DispatcherServlet.doDispatch(DispatcherServlet.java:1104)
	at org.springframework.web.servlet.DispatcherServlet.doService(DispatcherServlet.java:979)
	at org.springframework.web.servlet.FrameworkServlet.processRequest(FrameworkServlet.java:1014)
	at org.springframework.web.servlet.FrameworkServlet.doGet(FrameworkServlet.java:903)
	at jakarta.servlet.http.HttpServlet.service(HttpServlet.java:564)
	at org.springframework.web.servlet.FrameworkServlet.service(FrameworkServlet.java:885)
	at jakarta.servlet.http.HttpServlet.service(HttpServlet.java:658)
	at org.apache.catalina.core.ApplicationFilterChain.internalDoFilter(ApplicationFilterChain.java:193)
	at org.apache.catalina.core.ApplicationFilterChain.doFilter(ApplicationFilterChain.java:138)
	at org.apache.tomcat.websocket.server.WsFilter.doFilter(WsFilter.java:51)
	at org.apache.catalina.core.ApplicationFilterChain.internalDoFilter(ApplicationFilterChain.java:162)
	at org.apache.catalina.core.ApplicationFilterChain.doFilter(ApplicationFilterChain.java:138)
	at org.springframework.web.filter.RequestContextFilter.doFilterInternal(RequestContextFilter.java:100)
	at org.springframework.web.filter.OncePerRequestFilter.doFilter(OncePerRequestFilter.java:116)
	at org.apache.catalina.core.ApplicationFilterChain.internalDoFilter(ApplicationFilterChain.java:162)
	at org.apache.catalina.core.ApplicationFilterChain.doFilter(ApplicationFilterChain.java:138)
	at org.springframework.web.filter.FormContentFilter.doFilterInternal(FormContentFilter.java:93)
	at org.springframework.web.filter.OncePerRequestFilter.doFilter(OncePerRequestFilter.java:116)
	at org.apache.catalina.core.ApplicationFilterChain.internalDoFilter(ApplicationFilterChain.java:162)
	at org.apache.catalina.core.ApplicationFilterChain.doFilter(ApplicationFilterChain.java:138)
	at org.springframework.web.filter.CharacterEncodingFilter.doFilterInternal(CharacterEncodingFilter.java:201)
	at org.springframework.web.filter.OncePerRequestFilter.doFilter(OncePerRequestFilter.java:116)
	at org.apache.catalina.core.ApplicationFilterChain.internalDoFilter(ApplicationFilterChain.java:162)
	at org.apache.catalina.core.ApplicationFilterChain.doFilter(ApplicationFilterChain.java:138)
	at org.apache.catalina.core.StandardWrapperValve.invoke(StandardWrapperValve.java:165)
	at org.apache.catalina.core.StandardContextValve.invoke(StandardContextValve.java:88)
	at org.apache.catalina.authenticator.AuthenticatorBase.invoke(AuthenticatorBase.java:492)
	at org.apache.catalina.core.StandardHostValve.invoke(StandardHostValve.java:113)
	at org.apache.catalina.valves.ErrorReportValve.invoke(ErrorReportValve.java:83)
	at org.apache.catalina.core.StandardEngineValve.invoke(StandardEngineValve.java:72)
	at org.apache.catalina.connector.CoyoteAdapter.service(CoyoteAdapter.java:342)
	at org.apache.coyote.http11.Http11Processor.service(Http11Processor.java:399)
	at org.apache.coyote.AbstractProcessorLight.process(AbstractProcessorLight.java:63)
	at org.apache.coyote.AbstractProtocol$ConnectionHandler.process(AbstractProtocol.java:903)
	at org.apache.tomcat.util.net.NioEndpoint$SocketProcessor.doRun(NioEndpoint.java:1797)
	at org.apache.tomcat.util.net.SocketProcessorBase.run(SocketProcessorBase.java:52)
	at org.apache.tomcat.util.threads.ThreadPoolExecutor.runWorker(ThreadPoolExecutor.java:973)
	at org.apache.tomcat.util.threads.ThreadPoolExecutor$Worker.run(ThreadPoolExecutor.java:491)
	at org.apache.tomcat.util.threads.TaskThread$WrappingRunnable.run(TaskThread.java:63)
	at java.base/java.lang.Thread.run(Thread.java:1474)
Caused by: java.lang.NoSuchMethodError: 'void org.springframework.web.method.ControllerAdviceBean.<init>(java.lang.Object)'
	at org.springdoc.core.service.GenericResponseService.lambda$getGenericMapResponse$8(GenericResponseService.java:705)
	at java.base/java.util.stream.ReferencePipeline$2$1.accept(ReferencePipeline.java:196)
	at java.base/java.util.Spliterators$ArraySpliterator.forEachRemaining(Spliterators.java:1024)
	at java.base/java.util.stream.AbstractPipeline.copyInto(AbstractPipeline.java:570)
	at java.base/java.util.stream.AbstractPipeline.wrapAndCopyInto(AbstractPipeline.java:560)
	at java.base/java.util.stream.AbstractPipeline.evaluate(AbstractPipeline.java:635)
	at java.base/java.util.stream.AbstractPipeline.evaluateToArrayNode(AbstractPipeline.java:291)
	at java.base/java.util.stream.ReferencePipeline.toArray(ReferencePipeline.java:652)
	at java.base/java.util.stream.ReferencePipeline.toArray(ReferencePipeline.java:658)
	at java.base/java.util.stream.ReferencePipeline.toList(ReferencePipeline.java:663)
	at org.springdoc.core.service.GenericResponseService.getGenericMapResponse(GenericResponseService.java:707)
	at org.springdoc.core.service.GenericResponseService.build(GenericResponseService.java:246)
	at org.springdoc.api.AbstractOpenApiResource.calculatePath(AbstractOpenApiResource.java:499)
	at org.springdoc.api.AbstractOpenApiResource.calculatePath(AbstractOpenApiResource.java:676)
	at org.springdoc.webmvc.api.OpenApiResource.lambda$calculatePath$11(OpenApiResource.java:219)
	at java.base/java.util.Optional.ifPresent(Optional.java:178)
	at org.springdoc.webmvc.api.OpenApiResource.calculatePath(OpenApiResource.java:200)
	at org.springdoc.webmvc.api.OpenApiResource.lambda$getPaths$2(OpenApiResource.java:170)
	at java.base/java.util.Optional.ifPresent(Optional.java:178)
	at org.springdoc.webmvc.api.OpenApiResource.getPaths(OpenApiResource.java:149)
	at org.springdoc.api.AbstractOpenApiResource.getOpenApi(AbstractOpenApiResource.java:353)
	at org.springdoc.webmvc.api.OpenApiResource.openapiJson(OpenApiResource.java:124)
	at org.springdoc.webmvc.api.OpenApiWebMvcResource.openapiJson(OpenApiWebMvcResource.java:114)
	at java.base/jdk.internal.reflect.DirectMethodHandleAccessor.invoke(DirectMethodHandleAccessor.java:104)
	at java.base/java.lang.reflect.Method.invoke(Method.java:565)
	at org.springframework.web.method.support.InvocableHandlerMethod.doInvoke(InvocableHandlerMethod.java:258)
	at org.springframework.web.method.support.InvocableHandlerMethod.invokeForRequest(InvocableHandlerMethod.java:191)
	at org.springframework.web.servlet.mvc.method.annotation.ServletInvocableHandlerMethod.invokeAndHandle(ServletInvocableHandlerMethod.java:118)
	at org.springframework.web.servlet.mvc.method.annotation.RequestMappingHandlerAdapter.invokeHandlerMethod(RequestMappingHandlerAdapter.java:991)
	at org.springframework.web.servlet.mvc.method.annotation.RequestMappingHandlerAdapter.handleInternal(RequestMappingHandlerAdapter.java:896)
	at org.springframework.web.servlet.mvc.method.AbstractHandlerMethodAdapter.handle(AbstractHandlerMethodAdapter.java:87)
	at org.springframework.web.servlet.DispatcherServlet.doDispatch(DispatcherServlet.java:1089)
	... 39 common frames omitted
2026-05-19 12:03:53 - Using 'application/json', given [application/json, */*] and supported [application/json, application/*+json, application/yaml]
2026-05-19 12:03:53 - Writing [{error=Internal Server Error, message=An internal error occurred, timestamp=2026-05-19T12:03:53.6716 (truncated)...]
2026-05-19 12:03:53 - Resolved [jakarta.servlet.ServletException: Handler dispatch failed: java.lang.NoSuchMethodError: 'void org.springframework.web.method.ControllerAdviceBean.<init>(java.lang.Object)']
2026-05-19 12:03:53 - Completed 500 INTERNAL_SERVER_ERROR
2026-05-19 12:03:59 - GET "/.well-known/appspecific/com.chrome.devtools.json", parameters={}
2026-05-19 12:03:59 - Mapped to ResourceHttpRequestHandler [classpath [META-INF/resources/], classpath [resources/], classpath [static/], classpath [public/], ServletContext [/]]
2026-05-19 12:03:59 - Resource not found for path [.well-known/appspecific/com.chrome.devtools.json]
2026-05-19 12:03:59 - Using @ExceptionHandler com.watchdog.exception.GlobalExceptionHandler#handleGenericException(Exception)
2026-05-19 12:03:59 - Unexpected error occurred
org.springframework.web.servlet.resource.NoResourceFoundException: No static resource .well-known/appspecific/com.chrome.devtools.json.
	at org.springframework.web.servlet.resource.ResourceHttpRequestHandler.handleRequest(ResourceHttpRequestHandler.java:584)
	at org.springframework.web.servlet.mvc.HttpRequestHandlerAdapter.handle(HttpRequestHandlerAdapter.java:52)
	at org.springframework.web.servlet.DispatcherServlet.doDispatch(DispatcherServlet.java:1089)
	at org.springframework.web.servlet.DispatcherServlet.doService(DispatcherServlet.java:979)
	at org.springframework.web.servlet.FrameworkServlet.processRequest(FrameworkServlet.java:1014)
	at org.springframework.web.servlet.FrameworkServlet.doGet(FrameworkServlet.java:903)
	at jakarta.servlet.http.HttpServlet.service(HttpServlet.java:564)
	at org.springframework.web.servlet.FrameworkServlet.service(FrameworkServlet.java:885)
	at jakarta.servlet.http.HttpServlet.service(HttpServlet.java:658)
	at org.apache.catalina.core.ApplicationFilterChain.internalDoFilter(ApplicationFilterChain.java:193)
	at org.apache.catalina.core.ApplicationFilterChain.doFilter(ApplicationFilterChain.java:138)
	at org.apache.tomcat.websocket.server.WsFilter.doFilter(WsFilter.java:51)
	at org.apache.catalina.core.ApplicationFilterChain.internalDoFilter(ApplicationFilterChain.java:162)
	at org.apache.catalina.core.ApplicationFilterChain.doFilter(ApplicationFilterChain.java:138)
	at org.springframework.web.filter.RequestContextFilter.doFilterInternal(RequestContextFilter.java:100)
	at org.springframework.web.filter.OncePerRequestFilter.doFilter(OncePerRequestFilter.java:116)
	at org.apache.catalina.core.ApplicationFilterChain.internalDoFilter(ApplicationFilterChain.java:162)
	at org.apache.catalina.core.ApplicationFilterChain.doFilter(ApplicationFilterChain.java:138)
	at org.springframework.web.filter.FormContentFilter.doFilterInternal(FormContentFilter.java:93)
	at org.springframework.web.filter.OncePerRequestFilter.doFilter(OncePerRequestFilter.java:116)
	at org.apache.catalina.core.ApplicationFilterChain.internalDoFilter(ApplicationFilterChain.java:162)
	at org.apache.catalina.core.ApplicationFilterChain.doFilter(ApplicationFilterChain.java:138)
	at org.springframework.web.filter.CharacterEncodingFilter.doFilterInternal(CharacterEncodingFilter.java:201)
	at org.springframework.web.filter.OncePerRequestFilter.doFilter(OncePerRequestFilter.java:116)
	at org.apache.catalina.core.ApplicationFilterChain.internalDoFilter(ApplicationFilterChain.java:162)
	at org.apache.catalina.core.ApplicationFilterChain.doFilter(ApplicationFilterChain.java:138)
	at org.apache.catalina.core.StandardWrapperValve.invoke(StandardWrapperValve.java:165)
	at org.apache.catalina.core.StandardContextValve.invoke(StandardContextValve.java:88)
	at org.apache.catalina.authenticator.AuthenticatorBase.invoke(AuthenticatorBase.java:492)
	at org.apache.catalina.core.StandardHostValve.invoke(StandardHostValve.java:113)
	at org.apache.catalina.valves.ErrorReportValve.invoke(ErrorReportValve.java:83)
	at org.apache.catalina.core.StandardEngineValve.invoke(StandardEngineValve.java:72)
	at org.apache.catalina.connector.CoyoteAdapter.service(CoyoteAdapter.java:342)
	at org.apache.coyote.http11.Http11Processor.service(Http11Processor.java:399)
	at org.apache.coyote.AbstractProcessorLight.process(AbstractProcessorLight.java:63)
	at org.apache.coyote.AbstractProtocol$ConnectionHandler.process(AbstractProtocol.java:903)
	at org.apache.tomcat.util.net.NioEndpoint$SocketProcessor.doRun(NioEndpoint.java:1797)
	at org.apache.tomcat.util.net.SocketProcessorBase.run(SocketProcessorBase.java:52)
	at org.apache.tomcat.util.threads.ThreadPoolExecutor.runWorker(ThreadPoolExecutor.java:973)
	at org.apache.tomcat.util.threads.ThreadPoolExecutor$Worker.run(ThreadPoolExecutor.java:491)
	at org.apache.tomcat.util.threads.TaskThread$WrappingRunnable.run(TaskThread.java:63)
	at java.base/java.lang.Thread.run(Thread.java:1474)
2026-05-19 12:03:59 - Using 'application/json', given [*/*] and supported [application/json, application/*+json, application/yaml]
2026-05-19 12:03:59 - Writing [{error=Internal Server Error, message=An internal error occurred, timestamp=2026-05-19T12:03:59.8893 (truncated)...]
2026-05-19 12:03:59 - Resolved [org.springframework.web.servlet.resource.NoResourceFoundException: No static resource .well-known/appspecific/com.chrome.devtools.json.]
2026-05-19 12:03:59 - Completed 500 INTERNAL_SERVER_ERROR
2026-05-19 12:04:01 - GET "/swagger-ui/swagger-ui.css.map", parameters={}
2026-05-19 12:04:01 - Mapped to ResourceHttpRequestHandler [classpath [META-INF/resources/webjars/]]
2026-05-19 12:04:01 - GET "/swagger-ui/swagger-ui-standalone-preset.js.map", parameters={}
2026-05-19 12:04:01 - GET "/swagger-ui/swagger-ui-bundle.js.map", parameters={}
2026-05-19 12:04:01 - Mapped to ResourceHttpRequestHandler [classpath [META-INF/resources/webjars/]]
2026-05-19 12:04:01 - Mapped to ResourceHttpRequestHandler [classpath [META-INF/resources/webjars/]]
2026-05-19 12:04:01 - Completed 200 OK
2026-05-19 12:04:01 - Completed 200 OK
2026-05-19 12:04:01 - Completed 200 OK
Hibernate: select count(*) from monitors m1_0
Hibernate: select m1_0.id,m1_0.alert_count,m1_0.alert_email,m1_0.alert_triggered_at,m1_0.alert_webhook,m1_0.created_at,m1_0.last_heartbeat,m1_0.status,m1_0.timeout,m1_0.updated_at from monitors m1_0 where m1_0.status=?
2026-05-19 12:04:05 - Metrics - Total: 1, Active: 0
Hibernate: select count(*) from monitors m1_0
Hibernate: select m1_0.id,m1_0.alert_count,m1_0.alert_email,m1_0.alert_triggered_at,m1_0.alert_webhook,m1_0.created_at,m1_0.last_heartbeat,m1_0.status,m1_0.timeout,m1_0.updated_at from monitors m1_0 where m1_0.status=?
2026-05-19 12:05:05 - Metrics - Total: 1, Active: 0
Hibernate: select count(*) from monitors m1_0
Hibernate: select m1_0.id,m1_0.alert_count,m1_0.alert_email,m1_0.alert_triggered_at,m1_0.alert_webhook,m1_0.created_at,m1_0.last_heartbeat,m1_0.status,m1_0.timeout,m1_0.updated_at from monitors m1_0 where m1_0.status=?
2026-05-19 12:06:05 - Metrics - Total: 1, Active: 0
